<?xml version="1.0" encoding="UTF-8"?>
<!-- Generated by org.testng.reporters.JUnitReportReporter -->
<testsuite skipped="0" hostname="MSI" name="com.qa.testcases.test" tests="1" failures="0" timestamp="27 Oct 2021 23:09:58 GMT" time="1.643" errors="0">
  <testcase name="test" time="1.643" classname="com.qa.testcases.test"/>
</testsuite> <!-- com.qa.testcases.test -->
